【22/09/9 - 09/12】
[记录]：
1、界面样式设计
2、prism框架搭建
/*********************************************************************************************/

【22/09/13】
[记录]：
1、界面框架搭建
/*********************************************************************************************/

【22/09/14】
[记录]：
1、界面框架优化调试
2、内容调试
/*********************************************************************************************/

【22/09/15】
[记录]：
1、UI界面完善
/*********************************************************************************************/

【22/09/16】
[记录]：
1、UI界面完善
2、功能完善
/*********************************************************************************************/


【22/09/17】
[记录]：
1、功能完善
2、FFT添加
/*********************************************************************************************/


【22/09/17】
[记录]：
1、界面细节调整
2、FFT界面增加截图、辅助线等功能
3、将一些功能提取为Extension
/*********************************************************************************************/